<<<<<<< HEAD
<?xml version="1.0" encoding="UTF-8"?>
<testng-results ignored="0" total="3" passed="2" failed="1" skipped="0">
  <reporter-output>
  </reporter-output>
  <suite started-at="2024-08-14T13:43:37 SELČ" name="Default suite" finished-at="2024-08-14T13:44:17 SELČ" duration-ms="40600">
    <groups>
    </groups>
    <test started-at="2024-08-14T13:43:37 SELČ" name="Default test" finished-at="2024-08-14T13:44:17 SELČ" duration-ms="40600">
      <class name="testcases.MainPage">
        <test-method is-config="true" signature="SetUp()[pri:0, instance:testcases.MainPage@5aebe890]" started-at="2024-08-14T13:43:29 SELČ" name="SetUp" finished-at="2024-08-14T13:43:37 SELČ" duration-ms="7399" status="PASS">
          <reporter-output>
          </reporter-output>
        </test-method> <!-- SetUp -->
        <test-method is-config="true" signature="Titlecheck()[pri:0, instance:testcases.MainPage@5aebe890]" started-at="2024-08-14T13:43:37 SELČ" name="Titlecheck" finished-at="2024-08-14T13:43:37 SELČ" duration-ms="14" status="PASS">
          <reporter-output>
          </reporter-output>
        </test-method> <!-- Titlecheck -->
        <test-method is-config="true" signature="OrderTest()[pri:0, instance:testcases.MainPage@5aebe890]" started-at="2024-08-14T13:43:37 SELČ" name="OrderTest" finished-at="2024-08-14T13:43:37 SELČ" duration-ms="1" status="PASS">
          <reporter-output>
          </reporter-output>
        </test-method> <!-- OrderTest -->
        <test-method signature="ChooseProduct()[pri:1, instance:testcases.MainPage@5aebe890]" started-at="2024-08-14T13:43:37 SELČ" name="ChooseProduct" finished-at="2024-08-14T13:43:54 SELČ" duration-ms="16874" status="FAIL">
          <exception class="java.lang.AssertionError">
            <message>
              <![CDATA[The following asserts failed:
expected [C-TECH WM-07 Black  - Mouse | Alza.cz] but found [C-TECH WM-07 Black - Mouse | Alza.cz],
expected [C-TECH WM-01R Red  - Mouse | Alza.cz] but found [C-TECH WM-01R Red - Mouse | Alza.cz]]]>
            </message>
            <full-stacktrace>
              <![CDATA[java.lang.AssertionError: The following asserts failed:
expected [C-TECH WM-07 Black  - Mouse | Alza.cz] but found [C-TECH WM-07 Black - Mouse | Alza.cz],
expected [C-TECH WM-01R Red  - Mouse | Alza.cz] but found [C-TECH WM-01R Red - Mouse | Alza.cz]
at org.testng.asserts.SoftAssert.assertAll(SoftAssert.java:46)
at org.testng.asserts.SoftAssert.assertAll(SoftAssert.java:30)
at testcases.MainPage.ChooseProduct(MainPage.java:127)
at java.base/jdk.internal.reflect.DirectMethodHandleAccessor.invoke(DirectMethodHandleAccessor.java:103)
at java.base/java.lang.reflect.Method.invoke(Method.java:580)
at org.testng.internal.invokers.MethodInvocationHelper.invokeMethod(MethodInvocationHelper.java:141)
at org.testng.internal.invokers.TestInvoker.invokeMethod(TestInvoker.java:686)
at org.testng.internal.invokers.TestInvoker.invokeTestMethod(TestInvoker.java:230)
at org.testng.internal.invokers.MethodRunner.runInSequence(MethodRunner.java:63)
at org.testng.internal.invokers.TestInvoker$MethodInvocationAgent.invoke(TestInvoker.java:992)
at org.testng.internal.invokers.TestInvoker.invokeTestMethods(TestInvoker.java:203)
at org.testng.internal.invokers.TestMethodWorker.invokeTestMethods(TestMethodWorker.java:154)
at org.testng.internal.invokers.TestMethodWorker.run(TestMethodWorker.java:134)
at java.base/java.util.ArrayList.forEach(ArrayList.java:1597)
at org.testng.TestRunner.privateRun(TestRunner.java:739)
at org.testng.TestRunner.run(TestRunner.java:614)
at org.testng.SuiteRunner.runTest(SuiteRunner.java:421)
at org.testng.SuiteRunner.runSequentially(SuiteRunner.java:413)
at org.testng.SuiteRunner.privateRun(SuiteRunner.java:373)
at org.testng.SuiteRunner.run(SuiteRunner.java:312)
at org.testng.SuiteRunnerWorker.runSuite(SuiteRunnerWorker.java:52)
at org.testng.SuiteRunnerWorker.run(SuiteRunnerWorker.java:95)
at org.testng.TestNG.runSuitesSequentially(TestNG.java:1274)
at org.testng.TestNG.runSuitesLocally(TestNG.java:1208)
at org.testng.TestNG.runSuites(TestNG.java:1112)
at org.testng.TestNG.run(TestNG.java:1079)
at org.testng.remote.AbstractRemoteTestNG.run(AbstractRemoteTestNG.java:115)
at org.testng.remote.RemoteTestNG.initAndRun(RemoteTestNG.java:293)
at org.testng.remote.RemoteTestNG.main(RemoteTestNG.java:91)
]]>
            </full-stacktrace>
          </exception> <!-- java.lang.AssertionError -->
          <reporter-output>
          </reporter-output>
        </test-method> <!-- ChooseProduct -->
        <test-method is-config="true" signature="Screenshot()[pri:0, instance:testcases.MainPage@5aebe890]" started-at="2024-08-14T13:43:54 SELČ" name="Screenshot" finished-at="2024-08-14T13:43:54 SELČ" duration-ms="0" status="PASS">
          <reporter-output>
          </reporter-output>
        </test-method> <!-- Screenshot -->
        <test-method is-config="true" signature="OrderTest()[pri:0, instance:testcases.MainPage@5aebe890]" started-at="2024-08-14T13:43:54 SELČ" name="OrderTest" finished-at="2024-08-14T13:43:54 SELČ" duration-ms="1" status="PASS">
          <reporter-output>
          </reporter-output>
        </test-method> <!-- OrderTest -->
        <test-method signature="Cart()[pri:2, instance:testcases.MainPage@5aebe890]" started-at="2024-08-14T13:43:54 SELČ" name="Cart" finished-at="2024-08-14T13:44:14 SELČ" duration-ms="19914" status="PASS">
          <reporter-output>
          </reporter-output>
        </test-method> <!-- Cart -->
        <test-method is-config="true" signature="Screenshot()[pri:0, instance:testcases.MainPage@5aebe890]" started-at="2024-08-14T13:44:14 SELČ" name="Screenshot" finished-at="2024-08-14T13:44:14 SELČ" duration-ms="2" status="PASS">
          <reporter-output>
          </reporter-output>
        </test-method> <!-- Screenshot -->
        <test-method is-config="true" signature="OrderTest()[pri:0, instance:testcases.MainPage@5aebe890]" started-at="2024-08-14T13:44:14 SELČ" name="OrderTest" finished-at="2024-08-14T13:44:14 SELČ" duration-ms="1" status="PASS">
          <reporter-output>
          </reporter-output>
        </test-method> <!-- OrderTest -->
        <test-method signature="PersonalData(java.lang.String,java.lang.String,java.lang.String,java.lang.String,java.lang.String,java.lang.String)[pri:3, instance:testcases.MainPage@5aebe890]" started-at="2024-08-14T13:44:14 SELČ" name="PersonalData" data-provider="PersonalData" finished-at="2024-08-14T13:44:16 SELČ" duration-ms="2705" status="PASS">
          <params>
            <param index="0">
              <value>
                <![CDATA[test@email.com]]>
              </value>
            </param>
            <param index="1">
              <value>
                <![CDATA[Test Name]]>
              </value>
            </param>
            <param index="2">
              <value>
                <![CDATA[na zlate stoce 1862]]>
              </value>
            </param>
            <param index="3">
              <value>
                <![CDATA[Ceske Budejovice]]>
              </value>
            </param>
            <param index="4">
              <value>
                <![CDATA[37005]]>
              </value>
            </param>
            <param index="5">
              <value>
                <![CDATA[777554787]]>
              </value>
            </param>
          </params>
          <reporter-output>
          </reporter-output>
        </test-method> <!-- PersonalData -->
        <test-method is-config="true" signature="Screenshot()[pri:0, instance:testcases.MainPage@5aebe890]" started-at="2024-08-14T13:44:16 SELČ" name="Screenshot" finished-at="2024-08-14T13:44:16 SELČ" duration-ms="1" status="PASS">
          <reporter-output>
          </reporter-output>
        </test-method> <!-- Screenshot -->
        <test-method is-config="true" signature="BackToMainPage()[pri:0, instance:testcases.MainPage@5aebe890]" started-at="2024-08-14T13:44:16 SELČ" name="BackToMainPage" finished-at="2024-08-14T13:44:17 SELČ" duration-ms="1005" status="PASS">
          <reporter-output>
          </reporter-output>
        </test-method> <!-- BackToMainPage -->
        <test-method is-config="true" signature="closeBrowser()[pri:0, instance:testcases.MainPage@5aebe890]" started-at="2024-08-14T13:44:17 SELČ" name="closeBrowser" finished-at="2024-08-14T13:44:23 SELČ" duration-ms="5257" status="PASS">
          <reporter-output>
          </reporter-output>
        </test-method> <!-- closeBrowser -->
      </class> <!-- testcases.MainPage -->
    </test> <!-- Default test -->
  </suite> <!-- Default suite -->
</testng-results>
=======
<?xml version="1.0" encoding="UTF-8"?>
<testng-results ignored="0" total="3" passed="2" failed="1" skipped="0">
  <reporter-output>
  </reporter-output>
  <suite started-at="2024-08-14T13:43:37 SELČ" name="Default suite" finished-at="2024-08-14T13:44:17 SELČ" duration-ms="40600">
    <groups>
    </groups>
    <test started-at="2024-08-14T13:43:37 SELČ" name="Default test" finished-at="2024-08-14T13:44:17 SELČ" duration-ms="40600">
      <class name="testcases.MainPage">
        <test-method is-config="true" signature="SetUp()[pri:0, instance:testcases.MainPage@5aebe890]" started-at="2024-08-14T13:43:29 SELČ" name="SetUp" finished-at="2024-08-14T13:43:37 SELČ" duration-ms="7399" status="PASS">
          <reporter-output>
          </reporter-output>
        </test-method> <!-- SetUp -->
        <test-method is-config="true" signature="Titlecheck()[pri:0, instance:testcases.MainPage@5aebe890]" started-at="2024-08-14T13:43:37 SELČ" name="Titlecheck" finished-at="2024-08-14T13:43:37 SELČ" duration-ms="14" status="PASS">
          <reporter-output>
          </reporter-output>
        </test-method> <!-- Titlecheck -->
        <test-method is-config="true" signature="OrderTest()[pri:0, instance:testcases.MainPage@5aebe890]" started-at="2024-08-14T13:43:37 SELČ" name="OrderTest" finished-at="2024-08-14T13:43:37 SELČ" duration-ms="1" status="PASS">
          <reporter-output>
          </reporter-output>
        </test-method> <!-- OrderTest -->
        <test-method signature="ChooseProduct()[pri:1, instance:testcases.MainPage@5aebe890]" started-at="2024-08-14T13:43:37 SELČ" name="ChooseProduct" finished-at="2024-08-14T13:43:54 SELČ" duration-ms="16874" status="FAIL">
          <exception class="java.lang.AssertionError">
            <message>
              <![CDATA[The following asserts failed:
expected [C-TECH WM-07 Black  - Mouse | Alza.cz] but found [C-TECH WM-07 Black - Mouse | Alza.cz],
expected [C-TECH WM-01R Red  - Mouse | Alza.cz] but found [C-TECH WM-01R Red - Mouse | Alza.cz]]]>
            </message>
            <full-stacktrace>
              <![CDATA[java.lang.AssertionError: The following asserts failed:
expected [C-TECH WM-07 Black  - Mouse | Alza.cz] but found [C-TECH WM-07 Black - Mouse | Alza.cz],
expected [C-TECH WM-01R Red  - Mouse | Alza.cz] but found [C-TECH WM-01R Red - Mouse | Alza.cz]
at org.testng.asserts.SoftAssert.assertAll(SoftAssert.java:46)
at org.testng.asserts.SoftAssert.assertAll(SoftAssert.java:30)
at testcases.MainPage.ChooseProduct(MainPage.java:127)
at java.base/jdk.internal.reflect.DirectMethodHandleAccessor.invoke(DirectMethodHandleAccessor.java:103)
at java.base/java.lang.reflect.Method.invoke(Method.java:580)
at org.testng.internal.invokers.MethodInvocationHelper.invokeMethod(MethodInvocationHelper.java:141)
at org.testng.internal.invokers.TestInvoker.invokeMethod(TestInvoker.java:686)
at org.testng.internal.invokers.TestInvoker.invokeTestMethod(TestInvoker.java:230)
at org.testng.internal.invokers.MethodRunner.runInSequence(MethodRunner.java:63)
at org.testng.internal.invokers.TestInvoker$MethodInvocationAgent.invoke(TestInvoker.java:992)
at org.testng.internal.invokers.TestInvoker.invokeTestMethods(TestInvoker.java:203)
at org.testng.internal.invokers.TestMethodWorker.invokeTestMethods(TestMethodWorker.java:154)
at org.testng.internal.invokers.TestMethodWorker.run(TestMethodWorker.java:134)
at java.base/java.util.ArrayList.forEach(ArrayList.java:1597)
at org.testng.TestRunner.privateRun(TestRunner.java:739)
at org.testng.TestRunner.run(TestRunner.java:614)
at org.testng.SuiteRunner.runTest(SuiteRunner.java:421)
at org.testng.SuiteRunner.runSequentially(SuiteRunner.java:413)
at org.testng.SuiteRunner.privateRun(SuiteRunner.java:373)
at org.testng.SuiteRunner.run(SuiteRunner.java:312)
at org.testng.SuiteRunnerWorker.runSuite(SuiteRunnerWorker.java:52)
at org.testng.SuiteRunnerWorker.run(SuiteRunnerWorker.java:95)
at org.testng.TestNG.runSuitesSequentially(TestNG.java:1274)
at org.testng.TestNG.runSuitesLocally(TestNG.java:1208)
at org.testng.TestNG.runSuites(TestNG.java:1112)
at org.testng.TestNG.run(TestNG.java:1079)
at org.testng.remote.AbstractRemoteTestNG.run(AbstractRemoteTestNG.java:115)
at org.testng.remote.RemoteTestNG.initAndRun(RemoteTestNG.java:293)
at org.testng.remote.RemoteTestNG.main(RemoteTestNG.java:91)
]]>
            </full-stacktrace>
          </exception> <!-- java.lang.AssertionError -->
          <reporter-output>
          </reporter-output>
        </test-method> <!-- ChooseProduct -->
        <test-method is-config="true" signature="Screenshot()[pri:0, instance:testcases.MainPage@5aebe890]" started-at="2024-08-14T13:43:54 SELČ" name="Screenshot" finished-at="2024-08-14T13:43:54 SELČ" duration-ms="0" status="PASS">
          <reporter-output>
          </reporter-output>
        </test-method> <!-- Screenshot -->
        <test-method is-config="true" signature="OrderTest()[pri:0, instance:testcases.MainPage@5aebe890]" started-at="2024-08-14T13:43:54 SELČ" name="OrderTest" finished-at="2024-08-14T13:43:54 SELČ" duration-ms="1" status="PASS">
          <reporter-output>
          </reporter-output>
        </test-method> <!-- OrderTest -->
        <test-method signature="Cart()[pri:2, instance:testcases.MainPage@5aebe890]" started-at="2024-08-14T13:43:54 SELČ" name="Cart" finished-at="2024-08-14T13:44:14 SELČ" duration-ms="19914" status="PASS">
          <reporter-output>
          </reporter-output>
        </test-method> <!-- Cart -->
        <test-method is-config="true" signature="Screenshot()[pri:0, instance:testcases.MainPage@5aebe890]" started-at="2024-08-14T13:44:14 SELČ" name="Screenshot" finished-at="2024-08-14T13:44:14 SELČ" duration-ms="2" status="PASS">
          <reporter-output>
          </reporter-output>
        </test-method> <!-- Screenshot -->
        <test-method is-config="true" signature="OrderTest()[pri:0, instance:testcases.MainPage@5aebe890]" started-at="2024-08-14T13:44:14 SELČ" name="OrderTest" finished-at="2024-08-14T13:44:14 SELČ" duration-ms="1" status="PASS">
          <reporter-output>
          </reporter-output>
        </test-method> <!-- OrderTest -->
        <test-method signature="PersonalData(java.lang.String,java.lang.String,java.lang.String,java.lang.String,java.lang.String,java.lang.String)[pri:3, instance:testcases.MainPage@5aebe890]" started-at="2024-08-14T13:44:14 SELČ" name="PersonalData" data-provider="PersonalData" finished-at="2024-08-14T13:44:16 SELČ" duration-ms="2705" status="PASS">
          <params>
            <param index="0">
              <value>
                <![CDATA[test@email.com]]>
              </value>
            </param>
            <param index="1">
              <value>
                <![CDATA[Test Name]]>
              </value>
            </param>
            <param index="2">
              <value>
                <![CDATA[na zlate stoce 1862]]>
              </value>
            </param>
            <param index="3">
              <value>
                <![CDATA[Ceske Budejovice]]>
              </value>
            </param>
            <param index="4">
              <value>
                <![CDATA[37005]]>
              </value>
            </param>
            <param index="5">
              <value>
                <![CDATA[777554787]]>
              </value>
            </param>
          </params>
          <reporter-output>
          </reporter-output>
        </test-method> <!-- PersonalData -->
        <test-method is-config="true" signature="Screenshot()[pri:0, instance:testcases.MainPage@5aebe890]" started-at="2024-08-14T13:44:16 SELČ" name="Screenshot" finished-at="2024-08-14T13:44:16 SELČ" duration-ms="1" status="PASS">
          <reporter-output>
          </reporter-output>
        </test-method> <!-- Screenshot -->
        <test-method is-config="true" signature="BackToMainPage()[pri:0, instance:testcases.MainPage@5aebe890]" started-at="2024-08-14T13:44:16 SELČ" name="BackToMainPage" finished-at="2024-08-14T13:44:17 SELČ" duration-ms="1005" status="PASS">
          <reporter-output>
          </reporter-output>
        </test-method> <!-- BackToMainPage -->
        <test-method is-config="true" signature="closeBrowser()[pri:0, instance:testcases.MainPage@5aebe890]" started-at="2024-08-14T13:44:17 SELČ" name="closeBrowser" finished-at="2024-08-14T13:44:23 SELČ" duration-ms="5257" status="PASS">
          <reporter-output>
          </reporter-output>
        </test-method> <!-- closeBrowser -->
      </class> <!-- testcases.MainPage -->
    </test> <!-- Default test -->
  </suite> <!-- Default suite -->
</testng-results>
>>>>>>> f63c67cf5bfeb8ff39e957ab23b93d403171eeed
